<?xml version="1.0" encoding="UTF-8"?>
<testng-results ignored="0" total="1" passed="0" failed="1" skipped="0">
  <reporter-output>
  </reporter-output>
  <suite started-at="2023-03-06T11:57:25 IST" name="Default suite" finished-at="2023-03-06T11:57:50 IST" duration-ms="25144">
    <groups>
      <group name="cucumber">
        <method signature="AbstractTestNGCucumberTests.runScenario(io.cucumber.testng.PickleWrapper,io.cucumber.testng.FeatureWrapper)[pri:0, instance:cucumber.Options.TestRunner@7a35b0f5]" name="runScenario" class="io.cucumber.testng.AbstractTestNGCucumberTests"/>
      </group> <!-- cucumber -->
    </groups>
    <test started-at="2023-03-06T11:57:25 IST" name="Default test" finished-at="2023-03-06T11:57:50 IST" duration-ms="25144">
      <class name="cucumber.Options.TestRunner">
        <test-method is-config="true" signature="setUpClass(org.testng.ITestContext)[pri:0, instance:cucumber.Options.TestRunner@7a35b0f5]" started-at="2023-03-06T11:57:25 IST" name="setUpClass" finished-at="2023-03-06T11:57:25 IST" duration-ms="402" status="PASS">
          <params>
            <param index="0">
              <value>
                <![CDATA[org.testng.TestRunner@359ceb13]]>
              </value>
            </param>
          </params>
          <reporter-output>
          </reporter-output>
        </test-method> <!-- setUpClass -->
        <test-method signature="runScenario(io.cucumber.testng.PickleWrapper,io.cucumber.testng.FeatureWrapper)[pri:0, instance:cucumber.Options.TestRunner@7a35b0f5]" started-at="2023-03-06T11:57:26 IST" name="runScenario" description="Runs Cucumber Scenarios" data-provider="scenarios" finished-at="2023-03-06T11:57:50 IST" duration-ms="24149" status="FAIL">
          <params>
            <param index="0">
              <value>
                <![CDATA["Home page with Three Slider and Three Arrivals only"]]>
              </value>
            </param>
            <param index="1">
              <value>
                <![CDATA["Validating the functionality associated with the Home Screen of the application"]]>
              </value>
            </param>
          </params>
          <exception class="java.lang.AssertionError">
            <message>
              <![CDATA[expected [Test] but found [new arrivals]]]>
            </message>
            <full-stacktrace>
              <![CDATA[java.lang.AssertionError: expected [Test] but found [new arrivals]
at org.testng.Assert.fail(Assert.java:110)
at org.testng.Assert.failNotEquals(Assert.java:1577)
at org.testng.Assert.assertEqualsImpl(Assert.java:149)
at org.testng.Assert.assertEquals(Assert.java:131)
at org.testng.Assert.assertEquals(Assert.java:655)
at org.testng.Assert.assertEquals(Assert.java:665)
at stepDefinitions.HomePageValidationsteps.user_should_redirected_to_the_home_screen(HomePageValidationsteps.java:62)
at âœ½.User should redirected to the home screen(file:///C:/Users/developer/eclipse-workspace/DemoEcommerceAutomation/src/test/java/features/homepage.feature:10)
]]>
            </full-stacktrace>
          </exception> <!-- java.lang.AssertionError -->
          <reporter-output>
          </reporter-output>
        </test-method> <!-- runScenario -->
        <test-method is-config="true" signature="tearDownClass()[pri:0, instance:cucumber.Options.TestRunner@7a35b0f5]" started-at="2023-03-06T11:57:50 IST" name="tearDownClass" finished-at="2023-03-06T11:57:50 IST" duration-ms="487" status="PASS">
          <reporter-output>
          </reporter-output>
        </test-method> <!-- tearDownClass -->
      </class> <!-- cucumber.Options.TestRunner -->
    </test> <!-- Default test -->
  </suite> <!-- Default suite -->
</testng-results>
